f:\projects\researches\bio\bio\gene search engin\debug\vc120.pdb
f:\projects\researches\bio\bio\gene search engin\debug\myform.obj
f:\projects\researches\bio\bio\gene search engin\debug\.netframework,version=v4.5.assemblyattributes.obj
f:\projects\researches\bio\bio\gene search engin\debug\genesearchengin.myform.resources
f:\projects\researches\bio\bio\debug\gene search engin.exe
f:\projects\researches\bio\bio\debug\gene search engin.pdb
f:\projects\researches\bio\bio\gene search engin\debug\gene search engin.vcxproj.generateresource.cache
f:\projects\researches\bio\bio\gene search engin\debug\gene search engin.vcxprojresolveassemblyreference.cache
f:\projects\researches\bio\bio\gene search engin\debug\gpucode.cu.cache
f:\projects\researches\bio\bio\gene search engin\debug\gpucode.cu.obj
f:\projects\researches\bio\bio\gene search engin\debug\gene sea.878d7503.tlog\cl.command.1.tlog
f:\projects\researches\bio\bio\gene search engin\debug\gene sea.878d7503.tlog\cl.read.1.tlog
f:\projects\researches\bio\bio\gene search engin\debug\gene sea.878d7503.tlog\cl.write.1.tlog
f:\projects\researches\bio\bio\gene search engin\debug\gene sea.878d7503.tlog\gene search engin.write.1u.tlog
f:\projects\researches\bio\bio\gene search engin\debug\gene sea.878d7503.tlog\link.command.1.tlog
f:\projects\researches\bio\bio\gene search engin\debug\gene sea.878d7503.tlog\link.read.1.tlog
f:\projects\researches\bio\bio\gene search engin\debug\gene sea.878d7503.tlog\link.write.1.tlog
f:\projects\researches\bio\bio\gene search engin\debug\gene sea.878d7503.tlog\metagen.read.1.tlog
f:\projects\researches\bio\bio\gene search engin\debug\gene sea.878d7503.tlog\metagen.write.1.tlog
f:\projects\researches\bio\bio\gene search engin\debug\gene sea.878d7503.tlog\tzres.dll.bi
